[0114/183948.138:ERROR:process_info.cc(359)] UncheckedAllocate
[0114/183948.173:WARNING:minidump_to_upload_parameters.cc(66)] duplicate annotation name metrics_client_id, discarding value d800adbf549041af845ef3092a36fbe7
[0114/184009.212:ERROR:http_transport_win.cc(273)] WinHttpSendRequest: 操作成功完成。 (0x0)
[0114/192402.118:ERROR:process_info.cc(359)] UncheckedAllocate
[0114/192427.454:ERROR:process_info.cc(359)] UncheckedAllocate
[0114/192507.899:ERROR:process_info.cc(359)] UncheckedAllocate
[0116/000154.065:ERROR:process_info.cc(359)] UncheckedAllocate
[0116/000154.101:WARNING:minidump_to_upload_parameters.cc(66)] duplicate annotation name metrics_client_id, discarding value d800adbf549041af845ef3092a36fbe7
[0116/000215.253:ERROR:http_transport_win.cc(273)] WinHttpSendRequest: 操作成功完成。 (0x0)
[0116/201803.685:ERROR:process_reader_win.cc(90)] NtQuerySystemInformation: {没有足够配额} 没有足够的虚拟内存或分页文件配额以完成指定的操作。 (0xc0000017)
[0116/201803.688:ERROR:exception_snapshot_win.cc(88)] thread ID 15988 not found in process
[0116/201808.609:ERROR:process_info.cc(375)] NtQuerySystemInformation SystemExtendedHandleInformation: {没有足够配额} 没有足够的虚拟内存或分页文件配额以完成指定的操作。 (0xc0000017)
[0116/201809.871:ERROR:process_info.cc(359)] UncheckedAllocate
[0116/201816.183:ERROR:process_info.cc(375)] NtQuerySystemInformation SystemExtendedHandleInformation: {没有足够配额} 没有足够的虚拟内存或分页文件配额以完成指定的操作。 (0xc0000017)
[0116/201829.676:ERROR:http_transport_win.cc(273)] WinHttpSendRequest: 操作成功完成。 (0x0)
[0116/203147.337:ERROR:process_info.cc(359)] UncheckedAllocate
[0116/203147.612:ERROR:process_info.cc(359)] UncheckedAllocate
[0116/203151.541:ERROR:process_info.cc(359)] UncheckedAllocate
[0116/203151.547:ERROR:process_info.cc(359)] UncheckedAllocate
[0116/203153.857:ERROR:process_info.cc(359)] UncheckedAllocate
[0116/203153.861:ERROR:process_info.cc(359)] UncheckedAllocate
[0116/203156.353:ERROR:process_info.cc(359)] UncheckedAllocate
[0116/211542.860:ERROR:process_info.cc(375)] NtQuerySystemInformation SystemExtendedHandleInformation: {没有足够配额} 没有足够的虚拟内存或分页文件配额以完成指定的操作。 (0xc0000017)
[0117/153839.013:ERROR:process_info.cc(359)] UncheckedAllocate
[0117/153842.681:ERROR:process_info.cc(359)] UncheckedAllocate
[0117/153843.869:ERROR:process_info.cc(375)] NtQuerySystemInformation SystemExtendedHandleInformation: {没有足够配额} 没有足够的虚拟内存或分页文件配额以完成指定的操作。 (0xc0000017)
[0117/153900.539:ERROR:http_transport_win.cc(273)] WinHttpSendRequest: 操作成功完成。 (0x0)
[0117/195530.181:ERROR:process_reader_win.cc(90)] NtQuerySystemInformation: {没有足够配额} 没有足够的虚拟内存或分页文件配额以完成指定的操作。 (0xc0000017)
[0117/195530.183:ERROR:exception_snapshot_win.cc(88)] thread ID 15336 not found in process
[0117/195551.374:ERROR:http_transport_win.cc(273)] WinHttpSendRequest: 操作成功完成。 (0x0)
[0117/200152.754:ERROR:process_reader_win.cc(90)] NtQuerySystemInformation: {没有足够配额} 没有足够的虚拟内存或分页文件配额以完成指定的操作。 (0xc0000017)
[0117/200152.754:ERROR:exception_snapshot_win.cc(88)] thread ID 3896 not found in process
[0117/210635.207:ERROR:process_info.cc(359)] UncheckedAllocate
[0117/210656.296:ERROR:http_transport_win.cc(273)] WinHttpSendRequest: 操作成功完成。 (0x0)
[0118/121128.495:ERROR:process_reader_win.cc(90)] NtQuerySystemInformation: {没有足够配额} 没有足够的虚拟内存或分页文件配额以完成指定的操作。 (0xc0000017)
[0118/121128.497:ERROR:exception_snapshot_win.cc(88)] thread ID 14316 not found in process
[0118/121149.669:ERROR:http_transport_win.cc(273)] WinHttpSendRequest: 操作成功完成。 (0x0)
[0118/123510.653:ERROR:process_info.cc(359)] UncheckedAllocate
[0118/123510.664:ERROR:process_info.cc(359)] UncheckedAllocate
[0118/164254.819:ERROR:process_reader_win.cc(90)] NtQuerySystemInformation: {没有足够配额} 没有足够的虚拟内存或分页文件配额以完成指定的操作。 (0xc0000017)
[0118/164254.820:ERROR:exception_snapshot_win.cc(88)] thread ID 11296 not found in process
